Request method:	GET
Request URI:	https://reqres.in/api/users/2
Proxy:			<none>
Request params:	<none>
Query params:	<none>
Form params:	<none>
Path params:	<none>
Headers:		Accept=*/*
Cookies:		<none>
Multiparts:		<none>
Body:			<none>
HTTP/1.1 200 OK
Date: Mon, 01 Jul 2024 04:57:40 GMT
Content-Type: application/json; charset=utf-8
Transfer-Encoding: chunked
Connection: keep-alive
Report-To: {"group":"heroku-nel","max_age":3600,"endpoints":[{"url":"https://nel.heroku.com/reports?ts=1719796207&sid=c4c9725f-1ab0-44d8-820f-430df2718e11&s=6ANlIlA9jNJD43A7TeKJl97msgyDN6%2BylKAPmCHrIf0%3D"}]}
Reporting-Endpoints: heroku-nel=https://nel.heroku.com/reports?ts=1719796207&sid=c4c9725f-1ab0-44d8-820f-430df2718e11&s=6ANlIlA9jNJD43A7TeKJl97msgyDN6%2BylKAPmCHrIf0%3D
Nel: {"report_to":"heroku-nel","max_age":3600,"success_fraction":0.005,"failure_fraction":0.05,"response_headers":["Via"]}
X-Powered-By: Express
Access-Control-Allow-Origin: *
Etag: W/"118-pbdwwFo9SKNhD3Lx5iHJyngpq00"
Via: 1.1 vegur
Cache-Control: max-age=14400
CF-Cache-Status: HIT
Age: 6344
Vary: Accept-Encoding
Server: cloudflare
CF-RAY: 89c3d10a5fd117a6-MAA
Content-Encoding: gzip

{
    "data": {
        "id": 2,
        "email": "janet.weaver@reqres.in",
        "first_name": "Janet",
        "last_name": "Weaver",
        "avatar": "https://reqres.in/img/faces/2-image.jpg"
    },
    "support": {
        "url": "https://reqres.in/#support-heading",
        "text": "To keep ReqRes free, contributions towards server costs are appreciated!"
    }
}
